<?xml version="1.0" encoding="UTF-8"?>
<feed xmlns="http://www.w3.org/2005/Atom" xml:lang="en">
  <id>tag:theregister.com,2005:feed/theregister.com/</id>
  <title>The Register</title>
  <link rel="self" type="application/atom+xml" href="https://www.theregister.com/headlines.atom"/>
  <link rel="alternate" type="text/html" href="https://www.theregister.com/"/>
  <rights>Copyright © 2022, Situation Publishing</rights>
  <author>
    <name>Team Register</name>
    <email>webmaster@theregister.co.uk</email>
    <uri>https://www.theregister.com/odds/about/contact/</uri>
  </author>
  <icon>https://www.theregister.com/Design/graphics/icons/favicon.png</icon>
  <subtitle>Biting the hand that feeds IT — Enterprise Technology News and Analysis</subtitle>
  <logo>https://www.theregister.com/Design/graphics/Reg_default/The_Register_r.png</logo>
  <updated>2022-10-11T14:00:11Z</updated>
  <entry>
    <id>tag:theregister.com,2005:story224033</id>
    <updated>2022-10-11T14:00:11Z</updated>
    <author>
      <name>Laura Dobberstein</name>
      <uri>https://search.theregister.com/?author=Laura%20Dobberstein</uri>
    </author>
    <link rel="alternate" type="text/html" href="https://go.theregister.com/feed/www.theregister.com/2022/10/11/samsung_ukraine_headquarters_missile/"/>
    <title type="html">Samsung's Ukraine headquarters damaged by Russian missile strike</title>
    <summary type="html" xml:base="https://www.theregister.com/">&lt;h4&gt;R&amp;amp;D Center focuses on autonomous AI, otherwise known as On-Device AI&lt;/h4&gt; &lt;p&gt;Samsung's Ukraine headquarters were damaged during a Russian attack on Kyiv that began Monday morning and which killed at least 14, injuring others.…&lt;/p&gt;</summary>
  </entry>
  <entry>
    <id>tag:theregister.com,2005:story224031</id>
    <updated>2022-10-11T13:30:07Z</updated>
    <author>
      <name>Lindsay Clark</name>
      <uri>https://search.theregister.com/?author=Lindsay%20Clark</uri>
    </author>
    <link rel="alternate" type="text/html" href="https://go.theregister.com/feed/www.theregister.com/2022/10/11/dsag_sap_survey/"/>
    <title type="html">SAP users see scattered clouds on the horizon</title>
    <summary type="html" xml:base="https://www.theregister.com/">&lt;h4&gt;User group's views are at odds with the software giant's direction&lt;/h4&gt; &lt;p&gt;SAP users are putting more emphasis on on-premises solutions than the cloud when it comes to future workloads, according to a survey among the German-speaking SAP User Group (DSAG), which represents users in Germany, Austria, and Switzerland.…&lt;/p&gt;</summary>
  </entry>
  <entry>
    <id>tag:theregister.com,2005:story224030</id>
    <updated>2022-10-11T13:00:14Z</updated>
    <author>
      <name>Dan Robinson</name>
      <uri>https://search.theregister.com/?author=Dan%20Robinson</uri>
    </author>
    <link rel="alternate" type="text/html" href="https://go.theregister.com/feed/www.theregister.com/2022/10/11/intel_darpa_internet_satellites/"/>
    <title type="html">Intel chips in on optical modem for DARPA's 'internet of satellites'</title>
    <summary type="html" xml:base="https://www.theregister.com/">&lt;h4&gt;Mmmmm... smells like Space-BACN&lt;/h4&gt; &lt;p&gt;Intel has revealed more about its involvement in DARPA's project to build an "internet of satellites" in which the chipmaker will help develop the optical communications subsystem to enable links between satellites.…&lt;/p&gt; &lt;p&gt;&lt;!--#include virtual='/data_centre/_whitepaper_textlinks_top.html' --&gt;&lt;/p&gt;</summary>
  </entry>
  <entry>
    <id>tag:theregister.com,2005:story224032</id>
    <updated>2022-10-11T12:30:06Z</updated>
    <author>
      <name>Paul Kunert</name>
      <uri>https://search.theregister.com/?author=Paul%20Kunert</uri>
    </author>
    <link rel="alternate" type="text/html" href="https://go.theregister.com/feed/www.theregister.com/2022/10/11/pc_shipments_fall_at_fastest/"/>
    <title type="html">PC shipments fall at fastest rate ever as businesses slam wallets shut</title>
    <summary type="html" xml:base="https://www.theregister.com/">&lt;h4&gt;More analysts emerge to talk up hefty double digit shrink in unit volumes&lt;/h4&gt; &lt;p&gt;PC shipments are plunging by record levels as enterprises spend less on devices and sweat assets for longer in the face of a worldwide economic slowdown.…&lt;/p&gt;</summary>
  </entry>
  <entry>
    <id>tag:theregister.com,2005:story224016</id>
    <updated>2022-10-11T12:00:05Z</updated>
    <author>
      <name>Jessica Lyons Hardcastle</name>
      <uri>https://search.theregister.com/?author=Jessica%20Lyons%20Hardcastle</uri>
    </author>
    <link rel="alternate" type="text/html" href="https://go.theregister.com/feed/www.theregister.com/2022/10/11/google_mandiant_brain/"/>
    <title type="html">If you're wondering why Google blew $5b on Mandiant, this may shed some light</title>
    <summary type="html" xml:base="https://www.theregister.com/">&lt;h4&gt;Automating infosec knowhow, essentially&lt;/h4&gt; &lt;p&gt;Mandiant, now officially owned by Google, has the scale (not to mention the deep pockets) to be the "brain" across organizations' myriad security products and automate protection on top of these controls, according to the security shop's CEO Kevin Mandia.…&lt;/p&gt;</summary>
  </entry>
  <entry>
    <id>tag:theregister.com,2005:story224028</id>
    <updated>2022-10-11T11:28:07Z</updated>
    <author>
      <name>Richard Currie</name>
      <uri>https://search.theregister.com/?author=Richard%20Currie</uri>
    </author>
    <link rel="alternate" type="text/html" href="https://go.theregister.com/feed/www.theregister.com/2022/10/11/cars_not_self_driving/"/>
    <title type="html">People still seem to think their fancy cars are fully self-driving</title>
    <summary type="html" xml:base="https://www.theregister.com/">&lt;h4&gt;This is despite a history of assistive software being involved in crashes&lt;/h4&gt; &lt;p&gt;Despite years of headlines about driver assistance systems being involved in horrific car crashes, a study by the US-based Insurance Institute for Highway Safety (IIHS) suggests motorists continue to use their vehicles as though they are fully self-driving.…&lt;/p&gt;</summary>
  </entry>
  <entry>
    <id>tag:theregister.com,2005:story224025</id>
    <updated>2022-10-11T10:32:14Z</updated>
    <author>
      <name>Simon Sharwood</name>
      <uri>https://search.theregister.com/?author=Simon%20Sharwood</uri>
    </author>
    <link rel="alternate" type="text/html" href="https://go.theregister.com/feed/www.theregister.com/2022/10/11/fortinet_critical_flaw/"/>
    <title type="html">Fortinet warns of critical flaw in its security appliance OSes, admin panels</title>
    <summary type="html" xml:base="https://www.theregister.com/">&lt;h4&gt;Naturally, they're already under attack – so you know what to do next&lt;/h4&gt; &lt;p&gt;Security appliance vendor Fortinet has become the subject of a bug report by its own FortiGuard Labs after the discovery of a critical-rated flaw in three of its products.…&lt;/p&gt;</summary>
  </entry>
  <entry>
    <id>tag:theregister.com,2005:story223965</id>
    <updated>2022-10-11T09:32:12Z</updated>
    <author>
      <name>Tobias Mann</name>
      <uri>https://search.theregister.com/?author=Tobias%20Mann</uri>
    </author>
    <link rel="alternate" type="text/html" href="https://go.theregister.com/feed/www.theregister.com/2022/10/11/gpu_intel_nvidia_amd/"/>
    <title type="html">The new GPU world order is beginning to take shape</title>
    <summary type="html" xml:base="https://www.theregister.com/">&lt;h4&gt;As Nvidia hikes prices, Intel is only too happy to profit from your discontent, and AMD remains a wild card&lt;/h4&gt; &lt;p&gt;&lt;strong&gt;Comment&lt;/strong&gt;  For the first time in what feels like an eternity, customers have a third choice when it comes to graphics processors with the launch of Intel's mainstream Arc GPUs. It could be that AMD and Nvidia's long-standing duopoly has come to a close.…&lt;/p&gt; &lt;p&gt;&lt;!--#include virtual='/data_centre/_whitepaper_textlinks_top.html' --&gt;&lt;/p&gt;</summary>
  </entry>
  <entry>
    <id>tag:theregister.com,2005:story224004</id>
    <updated>2022-10-11T08:30:07Z</updated>
    <author>
      <name>Lindsay Clark</name>
      <uri>https://search.theregister.com/?author=Lindsay%20Clark</uri>
    </author>
    <link rel="alternate" type="text/html" href="https://go.theregister.com/feed/www.theregister.com/2022/10/11/uk_hmrc_procurement/"/>
    <title type="html">UK govt launches multibillion procurement for tax agency application services</title>
    <summary type="html" xml:base="https://www.theregister.com/">&lt;h4&gt;First chunk of mega-frameworks go to market&lt;/h4&gt; &lt;p&gt;The UK government has kicked off procurement to modernize aging legacy applications used by the national tax collector, HMRC.…&lt;/p&gt;</summary>
  </entry>
  <entry>
    <id>tag:theregister.com,2005:story224014</id>
    <updated>2022-10-11T07:26:06Z</updated>
    <author>
      <name>Katyanna Quach</name>
      <uri>https://search.theregister.com/?author=Katyanna%20Quach</uri>
    </author>
    <link rel="alternate" type="text/html" href="https://go.theregister.com/feed/www.theregister.com/2022/10/11/nasa_capstone_moon_satellite/"/>
    <title type="html">NASA regains control of CAPSTONE lunar orbiter after a tumble</title>
    <summary type="html" xml:base="https://www.theregister.com/">&lt;h4&gt;Pinging something missing on a network is frustrating enough, imagine if it's out in space&lt;/h4&gt; &lt;p&gt;NASA is back in control of its CAPSTONE spacecraft after the lunar orbiter lost power and communications and spent weeks powered down in safe mode while tumbling through the void.…&lt;/p&gt;</summary>
  </entry>
  <entry>
    <id>tag:theregister.com,2005:story224023</id>
    <updated>2022-10-11T06:32:09Z</updated>
    <author>
      <name>Laura Dobberstein</name>
      <uri>https://search.theregister.com/?author=Laura%20Dobberstein</uri>
    </author>
    <link rel="alternate" type="text/html" href="https://go.theregister.com/feed/www.theregister.com/2022/10/11/singapore_blockchain_cross_border_payments/"/>
    <title type="html">Singapore suggests blockchain to speed cross-border payments</title>
    <summary type="html" xml:base="https://www.theregister.com/">&lt;h4&gt;Monetary Authority director calls current system 'not fit for 21st century'&lt;/h4&gt; &lt;p&gt;Monetary Authority of Singapore (MAS) managing director Ravi Menon said on Monday the solution to costly, slow and inefficient cross-border payments is the implementation of industry-led blockchain stablecoin transactions and multi-CBDC platforms.…&lt;/p&gt;</summary>
  </entry>
  <entry>
    <id>tag:theregister.com,2005:story224024</id>
    <updated>2022-10-11T05:58:12Z</updated>
    <author>
      <name>Simon Sharwood</name>
      <uri>https://search.theregister.com/?author=Simon%20Sharwood</uri>
    </author>
    <link rel="alternate" type="text/html" href="https://go.theregister.com/feed/www.theregister.com/2022/10/11/electric_blanket_chip_boom/"/>
    <title type="html">Reds on the beds: Putin's war sparks Chinese chip boom, starting with electric blankets</title>
    <summary type="html" xml:base="https://www.theregister.com/">&lt;h4&gt;As energy prices rise, so does demand for the kind of low-end chips China cranks out&lt;/h4&gt; &lt;p&gt;Here's an odd side effect of Russia's illegal invasion of Ukraine: a small boom in exports of Chinese electric blankets to Europe.…&lt;/p&gt; &lt;p&gt;&lt;!--#include virtual='/data_centre/_whitepaper_textlinks_top.html' --&gt;&lt;/p&gt;</summary>
  </entry>
  <entry>
    <id>tag:theregister.com,2005:story224022</id>
    <updated>2022-10-11T04:57:05Z</updated>
    <author>
      <name>Simon Sharwood</name>
      <uri>https://search.theregister.com/?author=Simon%20Sharwood</uri>
    </author>
    <link rel="alternate" type="text/html" href="https://go.theregister.com/feed/www.theregister.com/2022/10/11/optus_acma_oaic_dual_probes/"/>
    <title type="html">Optus data breach prompts pincer movement of twin regulatory probes</title>
    <summary type="html" xml:base="https://www.theregister.com/">&lt;h4&gt;Data retention requirements to be considered alongside infosec failings&lt;/h4&gt; &lt;p&gt;Australian carrier Optus's recent data breach will be investigated by two regulators, the double trouble likely an indicator of the nation's displeasure at the incident – which saw almost ten million locals' personal data exposed online.…&lt;/p&gt;</summary>
  </entry>
  <entry>
    <id>tag:theregister.com,2005:story224021</id>
    <updated>2022-10-11T04:15:06Z</updated>
    <author>
      <name>Simon Sharwood</name>
      <uri>https://search.theregister.com/?author=Simon%20Sharwood</uri>
    </author>
    <link rel="alternate" type="text/html" href="https://go.theregister.com/feed/www.theregister.com/2022/10/11/apple_australia_store_strike/"/>
    <title type="html">Oz Apple Store staff vote to strike for better pay, settled rosters, clean shirts</title>
    <summary type="html" xml:base="https://www.theregister.com/">&lt;h4&gt;Some plan to take a whole hour off&lt;/h4&gt; &lt;p&gt;The union representing Apple Store workers in Australia has called a strike as part of ongoing negotiations for a new pay and conditions deal.…&lt;/p&gt;</summary>
  </entry>
  <entry>
    <id>tag:theregister.com,2005:story224013</id>
    <updated>2022-10-11T02:55:29Z</updated>
    <author>
      <name>Brandon Vigliarolo</name>
      <uri>https://search.theregister.com/?author=Brandon%20Vigliarolo</uri>
    </author>
    <link rel="alternate" type="text/html" href="https://go.theregister.com/feed/www.theregister.com/2022/10/11/celsius_customer_records/"/>
    <title type="html">600k+ Celsius customer crypto-coin records revealed</title>
    <summary type="html" xml:base="https://www.theregister.com/">&lt;h4&gt;And why it's not actually a leak&lt;/h4&gt; &lt;p&gt;Documents filed in crypto lender Celsius Networks' bankruptcy case have revealed financial info on more than 600,000 users.…&lt;/p&gt;</summary>
  </entry>
  <entry>
    <id>tag:theregister.com,2005:story224019</id>
    <updated>2022-10-11T01:06:59Z</updated>
    <author>
      <name>Simon Sharwood</name>
      <uri>https://search.theregister.com/?author=Simon%20Sharwood</uri>
    </author>
    <link rel="alternate" type="text/html" href="https://go.theregister.com/feed/www.theregister.com/2022/10/11/toyota_source_code_email_leak/"/>
    <title type="html">Toyota dev left key to customer info on public GitHub page for five years</title>
    <summary type="html" xml:base="https://www.theregister.com/">&lt;h4&gt;'Oh what a feeling' when your contractor leaks site source code&lt;/h4&gt; &lt;p&gt;Toyota has admitted it put 296,019 email addresses and customer management numbers of folks who signed up for its T-Connect assistance website at risk of online theft by bungling its security.…&lt;/p&gt;</summary>
  </entry>
  <entry>
    <id>tag:theregister.com,2005:story224017</id>
    <updated>2022-10-10T23:33:24Z</updated>
    <author>
      <name>Thomas Claburn</name>
      <uri>https://search.theregister.com/?author=Thomas%20Claburn</uri>
    </author>
    <link rel="alternate" type="text/html" href="https://go.theregister.com/feed/www.theregister.com/2022/10/10/paypal_fine_disinformation/"/>
    <title type="html">PayPal decides fining people $2,500 for 'misinformation' wasn't a great idea</title>
    <summary type="html" xml:base="https://www.theregister.com/">&lt;h4&gt;It'll just go back to randomly shutting down accounts&lt;/h4&gt; &lt;p&gt;PayPal has backed away from fining its own customers up to $2,500 for promoting whatever it determines is "misinformation."…&lt;/p&gt; &lt;p&gt;&lt;!--#include virtual='/data_centre/_whitepaper_textlinks_top.html' --&gt;&lt;/p&gt;</summary>
  </entry>
  <entry>
    <id>tag:theregister.com,2005:story224015</id>
    <updated>2022-10-10T21:19:09Z</updated>
    <author>
      <name>Thomas Claburn</name>
      <uri>https://search.theregister.com/?author=Thomas%20Claburn</uri>
    </author>
    <link rel="alternate" type="text/html" href="https://go.theregister.com/feed/www.theregister.com/2022/10/10/lufthansa_airtag_ban/"/>
    <title type="html">Lufthansa bans Apple AirTags on checked bags</title>
    <summary type="html" xml:base="https://www.theregister.com/">&lt;h4&gt;Wouldn't want anyone to know how much luggage is lost, eh?&lt;/h4&gt; &lt;p&gt;Lufthansa over the weekend said it is banning Apple AirTags from checked bags, only to subsequently attribute the policy to the International Civil Aviation Organization (ICAO).…&lt;/p&gt;</summary>
  </entry>
  <entry>
    <id>tag:theregister.com,2005:story224012</id>
    <updated>2022-10-10T18:12:28Z</updated>
    <author>
      <name>Jessica Lyons Hardcastle</name>
      <uri>https://search.theregister.com/?author=Jessica%20Lyons%20Hardcastle</uri>
    </author>
    <link rel="alternate" type="text/html" href="https://go.theregister.com/feed/www.theregister.com/2022/10/10/ddos_us_airport_websites/"/>
    <title type="html">Pro-Putin goons claim responsibility for blowing US airport websites offline</title>
    <summary type="html" xml:base="https://www.theregister.com/">&lt;h4&gt;How's that boot taste?&lt;/h4&gt; &lt;p&gt;&lt;strong&gt;Updated&lt;/strong&gt;  Russian miscreants claimed responsibility for knocking more than a dozen US airports' websites offline on Monday morning in what appeared to be a large-scale, distributed-denial-of-service (DDoS) attack.…&lt;/p&gt;</summary>
  </entry>
  <entry>
    <id>tag:theregister.com,2005:story224010</id>
    <updated>2022-10-10T16:46:15Z</updated>
    <author>
      <name>Brandon Vigliarolo</name>
      <uri>https://search.theregister.com/?author=Brandon%20Vigliarolo</uri>
    </author>
    <link rel="alternate" type="text/html" href="https://go.theregister.com/feed/www.theregister.com/2022/10/10/rivian_recalls_cars/"/>
    <title type="html">Rivian recalls nearly every vehicle it has sold</title>
    <summary type="html" xml:base="https://www.theregister.com/">&lt;h4&gt;A faulty fastener could leave drivers with wheel in hand and no steering control&lt;/h4&gt; &lt;p&gt;Beleaguered electric automaker Rivian is facing another setback: the recall of nearly 80 percent of the vehicles it has produced.…&lt;/p&gt;</summary>
  </entry>
  <entry>
    <id>tag:theregister.com,2005:story224011</id>
    <updated>2022-10-10T16:45:13Z</updated>
    <author>
      <name>Dan Robinson</name>
      <uri>https://search.theregister.com/?author=Dan%20Robinson</uri>
    </author>
    <link rel="alternate" type="text/html" href="https://go.theregister.com/feed/www.theregister.com/2022/10/10/alder_lake_bios_code_leaked/"/>
    <title type="html">Intel Alder Lake BIOS code leak may contain vital secrets</title>
    <summary type="html" xml:base="https://www.theregister.com/">&lt;h4&gt;Gurus say source includes secret hardware info, private signing key for Boot Guard protection&lt;/h4&gt; &lt;p&gt;Source code for the BIOS used with Intel's 12th-gen Core processors has been leaked online, possibly including details of undocumented model-specific registers (MSRs) and even the private signing key for Intel's Boot Guard security technology.…&lt;/p&gt;</summary>
  </entry>
  <entry>
    <id>tag:theregister.com,2005:story224008</id>
    <updated>2022-10-10T16:00:06Z</updated>
    <author>
      <name>Liam Proven</name>
      <uri>https://search.theregister.com/?author=Liam%20Proven</uri>
    </author>
    <link rel="alternate" type="text/html" href="https://go.theregister.com/feed/www.theregister.com/2022/10/10/confidential_containers_encrypted_k8s/"/>
    <title type="html">Red Hat backs CNCF project, spills TEE support over Kubernetes</title>
    <summary type="html" xml:base="https://www.theregister.com/">&lt;h4&gt;Keeping the contents of your clusters secure from whoever's hosting them&lt;/h4&gt; &lt;p&gt;Red Hat is backing a Cloud Native Computing Foundation (CNCF) project that aims to improve the security of containers in Kubernetes clusters by running them inside hardware-enforced enclaves.…&lt;/p&gt; &lt;p&gt;&lt;!--#include virtual='/data_centre/_whitepaper_textlinks_top.html' --&gt;&lt;/p&gt;</summary>
  </entry>
  <entry>
    <id>tag:theregister.com,2005:story224009</id>
    <updated>2022-10-10T15:31:24Z</updated>
    <author>
      <name>Lindsay Clark</name>
      <uri>https://search.theregister.com/?author=Lindsay%20Clark</uri>
    </author>
    <link rel="alternate" type="text/html" href="https://go.theregister.com/feed/www.theregister.com/2022/10/10/privacy_shield/"/>
    <title type="html">US executive order a long way from settling EU privacy cases</title>
    <summary type="html" xml:base="https://www.theregister.com/">&lt;h4&gt;Expect more sequels than Rocky: Europeans' view of 'proportional' very different from US&lt;/h4&gt; &lt;p&gt;&lt;strong&gt;Comment&lt;/strong&gt;  The Trans-Atlantic Data Privacy Framework agreement between the EU and the US is unlikely to settle the issue of sharing personal data between the two economic superpowers, as a set of court cases and legal challenges loom on the horizon.…&lt;/p&gt;</summary>
  </entry>
  <entry>
    <id>tag:theregister.com,2005:story224007</id>
    <updated>2022-10-10T14:34:32Z</updated>
    <author>
      <name>Richard Currie</name>
      <uri>https://search.theregister.com/?author=Richard%20Currie</uri>
    </author>
    <link rel="alternate" type="text/html" href="https://go.theregister.com/feed/www.theregister.com/2022/10/10/iphone_14_car_crash_detection/"/>
    <title type="html">iPhone 14 car crash detection triggered by roller coasters</title>
    <summary type="html" xml:base="https://www.theregister.com/">&lt;h4&gt;While you're having a blast, your mobe could be telling your family you're dead&lt;/h4&gt; &lt;p&gt;Perhaps "a million hours of crash data, real-world driving and crash test labs" aren't quite enough for Apple's car crash detection feature on the iPhone 14 amid reports that it is being triggered by roller coasters.…&lt;/p&gt;</summary>
  </entry>
  <entry>
    <id>tag:theregister.com,2005:story224002</id>
    <updated>2022-10-10T14:00:11Z</updated>
    <author>
      <name>Jude Karabus</name>
      <uri>https://search.theregister.com/?author=Jude%20Karabus</uri>
    </author>
    <link rel="alternate" type="text/html" href="https://go.theregister.com/feed/www.theregister.com/2022/10/10/kyndryl_aer_lingus/"/>
    <title type="html">Airline 'in talks' with Kyndryl after failed network card grounds flights</title>
    <summary type="html" xml:base="https://www.theregister.com/">&lt;h4&gt;Delays and cancellations thought to have cost Aer Lingus millions&lt;/h4&gt; &lt;p&gt;Aer Lingus says it is in talks with its IT services supplier, former IBM arm Kyndryl, after the disastrous combo of a sliced fiber optic cable and a faulty network card on the backup line caused an IT systems outage that forced the airline to cancel more than 50 flights.…&lt;/p&gt;</summary>
  </entry>
  <entry>
    <id>tag:theregister.com,2005:story224006</id>
    <updated>2022-10-10T13:45:09Z</updated>
    <author>
      <name>Dan Robinson</name>
      <uri>https://search.theregister.com/?author=Dan%20Robinson</uri>
    </author>
    <link rel="alternate" type="text/html" href="https://go.theregister.com/feed/www.theregister.com/2022/10/10/new_us_export_controls_could/"/>
    <title type="html">Last week's US export controls could mark start of trade war</title>
    <summary type="html" xml:base="https://www.theregister.com/">&lt;h4&gt;China thinks America targets its tech to kill off competition, and some believe economic standoff on way&lt;/h4&gt; &lt;p&gt;&lt;strong&gt;Analysis&lt;/strong&gt;  Nvidia believes it will not be affected by the latest US controls on technology, if only because it is already under similar restrictions. However, the effects on Chinese companies could be dramatic amid fears of a protracted trade war.…&lt;/p&gt;</summary>
  </entry>
  <entry>
    <id>tag:theregister.com,2005:story224003</id>
    <updated>2022-10-10T13:00:11Z</updated>
    <author>
      <name>Laura Dobberstein</name>
      <uri>https://search.theregister.com/?author=Laura%20Dobberstein</uri>
    </author>
    <link rel="alternate" type="text/html" href="https://go.theregister.com/feed/www.theregister.com/2022/10/10/pc_shipments_decline/"/>
    <title type="html">PC shipments are still on the decline – unless you're Apple</title>
    <summary type="html" xml:base="https://www.theregister.com/">&lt;h4&gt;Cupertino managed to buck the trend with year-on-year growth of 40%&lt;/h4&gt; &lt;p&gt;Global PC shipments declined in calendar Q3 by 15 percent year-on-year thanks to reduced demand and lingering supply chain issues, according to number cruncher IDC.…&lt;/p&gt;</summary>
  </entry>
  <entry>
    <id>tag:theregister.com,2005:story223989</id>
    <updated>2022-10-10T12:30:10Z</updated>
    <author>
      <name>Jeff Burt</name>
      <uri>https://search.theregister.com/?author=Jeff%20Burt</uri>
    </author>
    <link rel="alternate" type="text/html" href="https://go.theregister.com/feed/www.theregister.com/2022/10/10/users_security_privacy_tools/"/>
    <title type="html">It’s 2022 and netizens are only now getting serious about cybersecurity</title>
    <summary type="html" xml:base="https://www.theregister.com/">&lt;h4&gt;US folks start to get the message about protecting themselves online&lt;/h4&gt; &lt;p&gt;End users, often viewed by infosec specialists as a corporation's weakest link, appear to be finally understanding the importance of good security and privacy practices.…&lt;/p&gt;</summary>
  </entry>
  <entry>
    <id>tag:theregister.com,2005:story223954</id>
    <updated>2022-10-10T11:33:11Z</updated>
    <author>
      <name>Paul Kunert</name>
      <uri>https://search.theregister.com/?author=Paul%20Kunert</uri>
    </author>
    <link rel="alternate" type="text/html" href="https://go.theregister.com/feed/www.theregister.com/2022/10/10/windows_11_adoption/"/>
    <title type="html">More than 4 in 10 PCs still can't upgrade to Windows 11</title>
    <summary type="html" xml:base="https://www.theregister.com/">&lt;h4&gt;Research by Lansweeper shows Microsoft's stringent hardware requirements still at play&lt;/h4&gt; &lt;p&gt;Nearly 43 percent of millions of devices studied by asset management provider Lansweeper are unable to upgrade to Windows 11 due to the hardware requirements Microsoft set out for the operating system.…&lt;/p&gt;</summary>
  </entry>
  <entry>
    <id>tag:theregister.com,2005:story224005</id>
    <updated>2022-10-10T10:47:12Z</updated>
    <author>
      <name>Paul Kunert</name>
      <uri>https://search.theregister.com/?author=Paul%20Kunert</uri>
    </author>
    <link rel="alternate" type="text/html" href="https://go.theregister.com/feed/www.theregister.com/2022/10/10/singtel_dialog_breach/"/>
    <title type="html">Singtel confirms digital burglary at Dialog subsidiary</title>
    <summary type="html" xml:base="https://www.theregister.com/">&lt;h4&gt;Second of Singapore telco's Australian businesses to be prised open by criminals in weeks&lt;/h4&gt; &lt;p&gt;Singtel has confirmed that another Australian business it owns, consulting unit Dialog, has fallen victim to a cyber burglary just weeks after the mammoth data leak at telco Optus was revealed.…&lt;/p&gt;</summary>
  </entry>
  <entry>
    <id>tag:theregister.com,2005:story223984</id>
    <updated>2022-10-10T09:29:11Z</updated>
    <author>
      <name>Jeff Burt</name>
      <uri>https://search.theregister.com/?author=Jeff%20Burt</uri>
    </author>
    <link rel="alternate" type="text/html" href="https://go.theregister.com/feed/www.theregister.com/2022/10/10/eternity_lilithbot_malware_bundle/"/>
    <title type="html">Criminal multitool LilithBot arrives on malware-as-a-service scene</title>
    <summary type="html" xml:base="https://www.theregister.com/">&lt;h4&gt;Bespoke botnet up for grabs from outfit praised for, er, customer service&lt;/h4&gt; &lt;p&gt;A Russia based threat group that set up a malware distribution shop earlier this year is behind a Swiss Army knife-like botnet that comes with a range of other malicious capabilities, from stealing information to mining cryptocurrency.…&lt;/p&gt; &lt;p&gt;&lt;!--#include virtual='/data_centre/_whitepaper_textlinks_top.html' --&gt;&lt;/p&gt;</summary>
  </entry>
  <entry>
    <id>tag:theregister.com,2005:story223972</id>
    <updated>2022-10-10T08:30:11Z</updated>
    <author>
      <name>Rupert Goodwins</name>
      <uri>https://search.theregister.com/?author=Rupert%20Goodwins</uri>
    </author>
    <link rel="alternate" type="text/html" href="https://go.theregister.com/feed/www.theregister.com/2022/10/10/opinion_infosec/"/>
    <title type="html">How do you protect your online systems? Cultivate an insider threat</title>
    <summary type="html" xml:base="https://www.theregister.com/">&lt;h4&gt;Challenge your people to try to break into your systems, and see how interesting life gets for your colleagues&lt;/h4&gt; &lt;p&gt;&lt;strong&gt;Opinion&lt;/strong&gt;  People are the biggest problem in corporate infosec. Make them the biggest asset. …&lt;/p&gt;</summary>
  </entry>
  <entry>
    <id>tag:theregister.com,2005:story224001</id>
    <updated>2022-10-10T06:57:09Z</updated>
    <author>
      <name>Simon Sharwood</name>
      <uri>https://search.theregister.com/?author=Simon%20Sharwood</uri>
    </author>
    <link rel="alternate" type="text/html" href="https://go.theregister.com/feed/www.theregister.com/2022/10/10/mastercard_crypto_secure/"/>
    <title type="html">Mastercard moves to protect 'risky and frisky' crypto transactions</title>
    <summary type="html" xml:base="https://www.theregister.com/">&lt;h4&gt;Expands into a sector so toxic many won't touch it&lt;/h4&gt; &lt;p&gt;Supposedly ingenious schemes to revolutionize the finance industry with crypto are not hard to find – nor are their failures. And scarcely a day passes on which a cryptocurrency venture's infosec is not found wanting. That sad situation is causing financial institutions sufficient pain that Mastercard thinks the time is ripe for a service that helps lenders to understand if their customers' crypto purchases are dangerous.…&lt;/p&gt;</summary>
  </entry>
  <entry>
    <id>tag:theregister.com,2005:story223993</id>
    <updated>2022-10-10T06:27:11Z</updated>
    <author>
      <name>Thomas Claburn</name>
      <uri>https://search.theregister.com/?author=Thomas%20Claburn</uri>
    </author>
    <link rel="alternate" type="text/html" href="https://go.theregister.com/feed/www.theregister.com/2022/10/10/boffins_fungi_shoes/"/>
    <title type="html">No, no, hear us out, say boffins: Foot fungus to measure your walk</title>
    <summary type="html" xml:base="https://www.theregister.com/">&lt;h4&gt;Posture, posture, posture, posture, posture, posture, mushroom, mushroom&lt;/h4&gt; &lt;p&gt;Four researchers at the Unconventional Computing Laboratory at the University of West England have enlisted fungi to measure how people walk.…&lt;/p&gt; &lt;p&gt;&lt;!--#include virtual='/data_centre/_whitepaper_textlinks_top.html' --&gt;&lt;/p&gt;</summary>
  </entry>
  <entry>
    <id>tag:theregister.com,2005:story224000</id>
    <updated>2022-10-10T05:45:12Z</updated>
    <author>
      <name>Laura Dobberstein</name>
      <uri>https://search.theregister.com/?author=Laura%20Dobberstein</uri>
    </author>
    <link rel="alternate" type="text/html" href="https://go.theregister.com/feed/www.theregister.com/2022/10/10/chetu_employee_video_surveillance_case/"/>
    <title type="html">Business can't make staff submit to video surveillance, says court</title>
    <summary type="html" xml:base="https://www.theregister.com/">&lt;h4&gt;Chetu ordered to pay restitution for employee's unlawful termination&lt;/h4&gt; &lt;p&gt;A telephone sales rep in the Netherlands has won an unfair dismissal court case against his former employer, US software company Chetu, after he was fired for refusing to spend his work day surveilled by his computer camera.…&lt;/p&gt;</summary>
  </entry>
  <entry>
    <id>tag:theregister.com,2005:story223999</id>
    <updated>2022-10-10T03:59:30Z</updated>
    <author>
      <name>Simon Sharwood</name>
      <uri>https://search.theregister.com/?author=Simon%20Sharwood</uri>
    </author>
    <link rel="alternate" type="text/html" href="https://go.theregister.com/feed/www.theregister.com/2022/10/10/vpshere_release_cadence_change/"/>
    <title type="html">VMware acknowledges the wisdom of never buying version 1.0 of a product</title>
    <summary type="html" xml:base="https://www.theregister.com/">&lt;h4&gt;To get you upgrading faster, vSphere will now be released for Initial Availability before reaching General Availability&lt;/h4&gt; &lt;p&gt;VMware has acknowledged what most IT pros have learned the hard way – never buy a first-generation product – with a revised release cadence for its flagship vSphere private cloud suite.…&lt;/p&gt;</summary>
  </entry>
  <entry>
    <id>tag:theregister.com,2005:story223998</id>
    <updated>2022-10-10T02:15:10Z</updated>
    <author>
      <name>Simon Sharwood</name>
      <uri>https://search.theregister.com/?author=Simon%20Sharwood</uri>
    </author>
    <link rel="alternate" type="text/html" href="https://go.theregister.com/feed/www.theregister.com/2022/10/10/linus_torvalds_ecc_memory_fail/"/>
    <title type="html">Linus Torvalds's faulty memory (RAM, not wetware) slows kernel development</title>
    <summary type="html" xml:base="https://www.theregister.com/">&lt;h4&gt;Emperor penguin swipes Intel's attitude to ECC memory and maybe wimpy Mac performance too&lt;/h4&gt; &lt;p&gt;If the next version of the Linux kernel emerges a little slower than usual, blame a dodgy DIMM in Linus Torvalds's &lt;a target="_blank" href="https://www.theregister.com/2020/05/24/linus_torvalds_adopts_amd_threadripper/"&gt;AMD Threadripper&lt;/a&gt;-powered PC and the vagaries of the memory market.…&lt;/p&gt;</summary>
  </entry>
  <entry>
    <id>tag:theregister.com,2005:story223997</id>
    <updated>2022-10-10T00:45:06Z</updated>
    <author>
      <name>Laura Dobberstein</name>
      <uri>https://search.theregister.com/?author=Laura%20Dobberstein</uri>
    </author>
    <link rel="alternate" type="text/html" href="https://go.theregister.com/feed/www.theregister.com/2022/10/10/china_fumes_over_us_chip_ban/"/>
    <title type="html">South Korea relieved US China chip ban won't bite, as Beijing fumes</title>
    <summary type="html" xml:base="https://www.theregister.com/">&lt;h4&gt;PLUS: SK hynix outgasses Putin; Canon's new litho plant; Equinix into Indonesia; and more!&lt;/h4&gt; &lt;p&gt;&lt;strong&gt;Asia In Brief&lt;/strong&gt;  South Korean chipmakers Samsung and SK hynix have reportedly reacted cautiously to the Biden administration's swingeing &lt;a target="_blank" href="https://www.theregister.com/2022/10/07/biden_china_chips/"&gt;bans on certain chip tech reaching China&lt;/a&gt;.…&lt;/p&gt;</summary>
  </entry>
  <entry>
    <id>tag:theregister.com,2005:story223904</id>
    <updated>2022-10-09T19:31:08Z</updated>
    <author>
      <name>Thomas Claburn</name>
      <uri>https://search.theregister.com/?author=Thomas%20Claburn</uri>
    </author>
    <link rel="alternate" type="text/html" href="https://go.theregister.com/feed/www.theregister.com/2022/10/09/internet_traffic_routing_defense/"/>
    <title type="html">That thing to help protect internet traffic from hijacking? Here's how to break it</title>
    <summary type="html" xml:base="https://www.theregister.com/">&lt;h4&gt;RPKI is supposed to verify network routes. Cyber-researchers suggest ways to potentially defeat it&lt;/h4&gt; &lt;p&gt;An internet security mechanism called Resource Public Key Infrastructure (RPKI), intended to safeguard the routing of data traffic, can be broken.…&lt;/p&gt; &lt;p&gt;&lt;!--#include virtual='/data_centre/_whitepaper_textlinks_top.html' --&gt;&lt;/p&gt;</summary>
  </entry>
  <entry>
    <id>tag:theregister.com,2005:story223908</id>
    <updated>2022-10-09T08:12:08Z</updated>
    <author>
      <name>Jeff Burt</name>
      <uri>https://search.theregister.com/?author=Jeff%20Burt</uri>
    </author>
    <link rel="alternate" type="text/html" href="https://go.theregister.com/feed/www.theregister.com/2022/10/09/extortion_ransomware_threats_category/"/>
    <title type="html">When are we gonna stop calling it ransomware? It's just data kidnapping now</title>
    <summary type="html" xml:base="https://www.theregister.com/">&lt;h4&gt;It's not like the good old days with iffy cryptography and begging for keys&lt;/h4&gt; &lt;p&gt;&lt;strong&gt;Comment&lt;/strong&gt;  It's getting difficult these days to find a ransomware group that doesn't steal data and promise not to sell it if a ransom is paid off. What's more, these criminals are going down the extortion-only route, and not even bothering to scramble your files with encryption.…&lt;/p&gt;</summary>
  </entry>
  <entry>
    <id>tag:theregister.com,2005:story223995</id>
    <updated>2022-10-08T18:01:07Z</updated>
    <author>
      <name>Katyanna Quach</name>
      <uri>https://search.theregister.com/?author=Katyanna%20Quach</uri>
    </author>
    <link rel="alternate" type="text/html" href="https://go.theregister.com/feed/www.theregister.com/2022/10/08/in_brief_ai/"/>
    <title type="html">Lab explores dystopian future of AI helping cops catch criminals</title>
    <summary type="html" xml:base="https://www.theregister.com/">&lt;h4&gt;Plus: US AI Bill of Rights, and a new framework to run models on AMD and Nvidia GPUs more flexibly&lt;/h4&gt; &lt;p&gt;&lt;strong&gt;In brief&lt;/strong&gt;  America's Pacific Northwest National Laboratory is looking into how AI technologies can be used to create a "Digital Police Officer" or "D-PO" in the future.…&lt;/p&gt;</summary>
  </entry>
  <entry>
    <id>tag:theregister.com,2005:story223992</id>
    <updated>2022-10-08T10:56:05Z</updated>
    <author>
      <name>Brandon Vigliarolo</name>
      <uri>https://search.theregister.com/?author=Brandon%20Vigliarolo</uri>
    </author>
    <link rel="alternate" type="text/html" href="https://go.theregister.com/feed/www.theregister.com/2022/10/08/in_brief_security/"/>
    <title type="html">Biden's Privacy Shield 2.0 order may not satisfy Europe</title>
    <summary type="html" xml:base="https://www.theregister.com/">&lt;h4&gt;Also, Albania almost called in NATO over cyber attacks, and Facebook warns of account-stealing mobile apps&lt;/h4&gt; &lt;p&gt;&lt;strong&gt;In brief&lt;/strong&gt;  An executive order signed by President Biden on Friday to setting out fresh rules on how the US and Europe share people's private personal info may still fall short of the EU's wishes, says the privacy advocate who defeated the previous regulations in court.…&lt;/p&gt;</summary>
  </entry>
  <entry>
    <id>tag:theregister.com,2005:story223988</id>
    <updated>2022-10-08T08:08:12Z</updated>
    <author>
      <name>Jessica Lyons Hardcastle</name>
      <uri>https://search.theregister.com/?author=Jessica%20Lyons%20Hardcastle</uri>
    </author>
    <link rel="alternate" type="text/html" href="https://go.theregister.com/feed/www.theregister.com/2022/10/08/buggy_ikea_smart_bulbs/"/>
    <title type="html">Make your neighbor think their house is haunted by blinking their Ikea smart bulbs</title>
    <summary type="html" xml:base="https://www.theregister.com/">&lt;h4&gt;Radio comms vulnerabilities detailed&lt;/h4&gt; &lt;p&gt;A couple of vulnerabilities in Ikea smart lighting systems can be exploited to make lights annoyingly flicker for hours.…&lt;/p&gt;</summary>
  </entry>
  <entry>
    <id>tag:theregister.com,2005:story223990</id>
    <updated>2022-10-07T19:40:00Z</updated>
    <author>
      <name>Thomas Claburn</name>
      <uri>https://search.theregister.com/?author=Thomas%20Claburn</uri>
    </author>
    <link rel="alternate" type="text/html" href="https://go.theregister.com/feed/www.theregister.com/2022/10/07/binance_hack_566m/"/>
    <title type="html">Binance robbed of $600 million in crypto-tokens</title>
    <summary type="html" xml:base="https://www.theregister.com/">&lt;h4&gt;How's your day going?&lt;/h4&gt; &lt;p&gt;Cryptocurrency exchange Binance temporarily halted its blockchain network on Thursday in response to a cyberattack that led to the theft of two million BNB tokens, notionally exchangeable for $566 million in fiat currency.…&lt;/p&gt; &lt;p&gt;&lt;!--#include virtual='/data_centre/_whitepaper_textlinks_top.html' --&gt;&lt;/p&gt;</summary>
  </entry>
  <entry>
    <id>tag:theregister.com,2005:story223987</id>
    <updated>2022-10-07T19:04:45Z</updated>
    <author>
      <name>Tobias Mann</name>
      <uri>https://search.theregister.com/?author=Tobias%20Mann</uri>
    </author>
    <link rel="alternate" type="text/html" href="https://go.theregister.com/feed/www.theregister.com/2022/10/07/biden_china_chips/"/>
    <title type="html">Biden cuts off China's Yangtze, 30 others from US chipmaking gear</title>
    <summary type="html" xml:base="https://www.theregister.com/">&lt;h4&gt;So is this why YMTC's CEO stepped down?&lt;/h4&gt; &lt;p&gt;Yangtze Memory Technologies Company (YMTC) is one of more than two dozen Chinese companies and institutions targeted in the Biden Administration’s latest round of export restrictions on semiconductor tech.…&lt;/p&gt;</summary>
  </entry>
  <entry>
    <id>tag:theregister.com,2005:story223985</id>
    <updated>2022-10-07T18:33:29Z</updated>
    <author>
      <name>Brandon Vigliarolo</name>
      <uri>https://search.theregister.com/?author=Brandon%20Vigliarolo</uri>
    </author>
    <link rel="alternate" type="text/html" href="https://go.theregister.com/feed/www.theregister.com/2022/10/07/french_court_apple_penalty/"/>
    <title type="html">French court slashes Apple's €1.1b fine to pocket change</title>
    <summary type="html" xml:base="https://www.theregister.com/">&lt;h4&gt;Instead of a week of profits, mere days of net income for Cook&lt;/h4&gt; &lt;p&gt;The record-setting €1.1 billion fine levied against Apple by French authorities has been cut by two-thirds to just €372 million ($363 million) – an even more paltry sum for the world's first company to surpass $3 trillion in market valuation. …&lt;/p&gt;</summary>
  </entry>
  <entry>
    <id>tag:theregister.com,2005:story223982</id>
    <updated>2022-10-07T16:45:07Z</updated>
    <author>
      <name>Liam Proven</name>
      <uri>https://search.theregister.com/?author=Liam%20Proven</uri>
    </author>
    <link rel="alternate" type="text/html" href="https://go.theregister.com/feed/www.theregister.com/2022/10/07/plop_boot_manager_boot_a/"/>
    <title type="html">Plop. That's the sound of a boot manager booting PCs off media they can't start from</title>
    <summary type="html" xml:base="https://www.theregister.com/">&lt;h4&gt;… Including virtual machines as well as physical ones&lt;/h4&gt; &lt;p&gt;&lt;strong&gt;Friday Freeware Fest&lt;/strong&gt;  Elmar Hanlhofer's &lt;a href="https://www.plop.at/en/bootmanagers.html" rel="nofollow"&gt;Plop Boot Managers&lt;/a&gt; are a small family of tiny tools to enable booting from media that a computer can't usually boot from.…&lt;/p&gt;</summary>
  </entry>
  <entry>
    <id>tag:theregister.com,2005:story223981</id>
    <updated>2022-10-07T16:00:13Z</updated>
    <author>
      <name>Richard Currie</name>
      <uri>https://search.theregister.com/?author=Richard%20Currie</uri>
    </author>
    <link rel="alternate" type="text/html" href="https://go.theregister.com/feed/www.theregister.com/2022/10/07/juno_europa_images/"/>
    <title type="html">Juno what? Jovian moon Europa is looking rugged</title>
    <summary type="html" xml:base="https://www.theregister.com/">&lt;h4&gt;Probe takes highest resolution surface shot yet while citizen scientists get busy with their coloring pencils&lt;/h4&gt; &lt;p&gt;NASA's Juno probe had a close encounter with the Jovian moon Europa on September 29 and this week the space agency released the highest resolution photograph ever taken of its icy crust.…&lt;/p&gt;</summary>
  </entry>
  <entry>
    <id>tag:theregister.com,2005:story223983</id>
    <updated>2022-10-07T15:15:12Z</updated>
    <author>
      <name>Brandon Vigliarolo</name>
      <uri>https://search.theregister.com/?author=Brandon%20Vigliarolo</uri>
    </author>
    <link rel="alternate" type="text/html" href="https://go.theregister.com/feed/www.theregister.com/2022/10/07/utility_security/"/>
    <title type="html">Utility security is so bad, US DoE offers rate cuts to improve it</title>
    <summary type="html" xml:base="https://www.theregister.com/">&lt;h4&gt;New hardware? Consultants? You tell us because your infosec is off the grid&lt;/h4&gt; &lt;p&gt;The US Department of Energy has proposed regulations to financially reward cybersecurity modernization at power plants by offering rate deals for everything from buying new hardware to paying for outside help.…&lt;/p&gt; &lt;p&gt;&lt;!--#include virtual='/data_centre/_whitepaper_textlinks_top.html' --&gt;&lt;/p&gt;</summary>
  </entry>
  <entry>
    <id>tag:theregister.com,2005:story223980</id>
    <updated>2022-10-07T14:45:08Z</updated>
    <author>
      <name>Dan Robinson</name>
      <uri>https://search.theregister.com/?author=Dan%20Robinson</uri>
    </author>
    <link rel="alternate" type="text/html" href="https://go.theregister.com/feed/www.theregister.com/2022/10/07/kyndryl_and_microsoft/"/>
    <title type="html">Former IBM infra wing Kyndryl links with Microsoft to pipe mainframe data to cloud</title>
    <summary type="html" xml:base="https://www.theregister.com/">&lt;h4&gt;Isn't it ironic: Potentially helping its former customers to ditch big iron&lt;/h4&gt; &lt;p&gt;Microsoft and Kyndryl have unveiled a new aspect of their global strategic partnership with plans to help enterprise customers make better use of data held on mainframe systems.…&lt;/p&gt;</summary>
  </entry>
</feed>
